# JRE version: OpenJDK Runtime Environment (16.0.1+9) (build 16.0.1+9-Ubuntu-120.04)
# Java VM: OpenJDK 64-Bit Server VM (16.0.1+9-Ubuntu-120.04, mixed mode, sharing, tiered, compressed oops, compressed class ptrs, g1 gc, linux-amd64)
GC Precious Log:
 CPUs: 4 total, 4 available
 Memory: 3707M
 Large Page Support: Disabled
 NUMA Support: Disabled
 Compressed Oops: Enabled (32-bit)
 Heap Region Size: 1M
 Heap Min Capacity: 8M
 Heap Initial Capacity: 58M
 Heap Max Capacity: 928M
 Pre-touch: Disabled
 Parallel Workers: 4
 Concurrent Workers: 1
 Concurrent Refinement Workers: 4
 Periodic GC: Disabled
Heap:
 garbage-first heap   total 40960K, used 13856K [0x00000000c6000000, 0x0000000100000000)
  region size 1024K, 6 young (6144K), 1 survivors (1024K)
 Metaspace       used 22147K, committed 22400K, reserved 1073152K
  class space    used 2325K, committed 2432K, reserved 1048576K
GC Heap History (6 events):
Event: 9,051 GC heap before
{Heap before GC invocations=0 (full 0):
 garbage-first heap   total 61440K, used 14328K [0x00000000c6000000, 0x0000000100000000)
  region size 1024K, 13 young (13312K), 0 survivors (0K)
 Metaspace       used 8175K, committed 8448K, reserved 1056768K
  class space    used 872K, committed 1024K, reserved 1048576K
}
Event: 9,072 GC heap after
{Heap after GC invocations=1 (full 0):
 garbage-first heap   total 61440K, used 3507K [0x00000000c6000000, 0x0000000100000000)
  region size 1024K, 2 young (2048K), 2 survivors (2048K)
 Metaspace       used 8175K, committed 8448K, reserved 1056768K
  class space    used 872K, committed 1024K, reserved 1048576K
}
Event: 24,590 GC heap before
{Heap before GC invocations=1 (full 0):
 garbage-first heap   total 61440K, used 18867K [0x00000000c6000000, 0x0000000100000000)
  region size 1024K, 18 young (18432K), 2 survivors (2048K)
 Metaspace       used 19090K, committed 19328K, reserved 1073152K
  class space    used 2107K, committed 2240K, reserved 1048576K
}
Event: 24,610 GC heap after
{Heap after GC invocations=2 (full 0):
 garbage-first heap   total 61440K, used 8714K [0x00000000c6000000, 0x0000000100000000)
  region size 1024K, 3 young (3072K), 3 survivors (3072K)
 Metaspace       used 19090K, committed 19328K, reserved 1073152K
  class space    used 2107K, committed 2240K, reserved 1048576K
}
Event: 33,356 GC heap before
{Heap before GC invocations=2 (full 0):
 garbage-first heap   total 61440K, used 10762K [0x00000000c6000000, 0x0000000100000000)
  region size 1024K, 7 young (7168K), 3 survivors (3072K)
 Metaspace       used 20966K, committed 21248K, reserved 1073152K
  class space    used 2273K, committed 2432K, reserved 1048576K
}
Event: 33,366 GC heap after
{Heap after GC invocations=3 (full 0):
 garbage-first heap   total 61440K, used 9760K [0x00000000c6000000, 0x0000000100000000)
  region size 1024K, 1 young (1024K), 1 survivors (1024K)
 Metaspace       used 20966K, committed 21248K, reserved 1073152K
  class space    used 2273K, committed 2432K, reserved 1048576K
}

